<?xml version="1.0" encoding="UTF-8"?>
<!-- Generated by org.testng.reporters.JUnitReportReporter -->
<testsuite hostname="Sandunis-MacBook-Air.local" failures="0" tests="1" name="org.testing.testScripts.TC1" time="73.979" errors="0" timestamp="2024-09-29T08:27:09 GST" skipped="0">
  <testcase classname="org.testing.testScripts.TC1" name="testcase1" time="73.979"/>
  <system-out/>
</testsuite> <!-- org.testing.testScripts.TC1 -->
