<?xml version="1.0" encoding="UTF-8"?>
<!-- Generated by org.testng.reporters.JUnitReportReporter -->
<testsuite hostname="Sandunis-MacBook-Air.local" failures="0" tests="1" name="org.testing.testScripts.TC1" time="35.299" errors="0" timestamp="2 Sep 2024 06:18:17 GMT">
  <testcase classname="org.testing.testScripts.TC1" name="testcase1" time="35.299"/>
</testsuite>
