<?xml version="1.0" encoding="UTF-8"?>
<!-- Generated by org.testng.reporters.JUnitReportReporter -->
<testsuite hostname="Sandunis-MacBook-Air.local" failures="0" tests="1" name="org.testing.testScripts.TC6" time="78.006" errors="0" timestamp="2024-10-11T22:24:04 GST" skipped="0">
  <testcase classname="org.testing.testScripts.TC6" name="testcase6" time="78.006"/>
  <system-out/>
</testsuite> <!-- org.testing.testScripts.TC6 -->
