<?xml version="1.0" encoding="UTF-8"?>
<!-- Generated by org.testng.reporters.JUnitReportReporter -->
<testsuite hostname="Sandunis-MacBook-Air.local" failures="0" tests="1" name="org.testing.testScripts.TC3" time="32.264" errors="0" timestamp="2 Sep 2024 06:00:28 GMT">
  <testcase classname="org.testing.testScripts.TC3" name="testcase3" time="32.264"/>
</testsuite>
