<?xml version="1.0" encoding="UTF-8"?>
<!-- Generated by org.testng.reporters.JUnitReportReporter -->
<testsuite hostname="Sandunis-MacBook-Air.local" failures="0" tests="1" name="org.testing.testScripts.TC5" time="77.739" errors="0" timestamp="2024-09-29T08:27:09 GST" skipped="0">
  <testcase classname="org.testing.testScripts.TC5" name="testcase5" time="77.739"/>
  <system-out/>
</testsuite> <!-- org.testing.testScripts.TC5 -->
