<?xml version="1.0" encoding="UTF-8"?>
<!-- Generated by org.testng.reporters.JUnitReportReporter -->
<testsuite hostname="Sandunis-MacBook-Air.local" failures="0" tests="1" name="org.testing.testScripts.TC4" time="72.200" errors="0" timestamp="2024-09-29T16:17:40 GST" skipped="0">
  <testcase classname="org.testing.testScripts.TC4" name="testcase4" time="72.200"/>
  <system-out/>
</testsuite> <!-- org.testing.testScripts.TC4 -->
