<?xml version="1.0" encoding="UTF-8"?>
<!-- Generated by org.testng.reporters.JUnitReportReporter -->
<testsuite hostname="Sandunis-MacBook-Air.local" failures="0" tests="1" name="org.testing.testScripts.TC4" time="39.460" errors="0" timestamp="2 Sep 2024 07:31:17 GMT">
  <testcase classname="org.testing.testScripts.TC4" name="testcase4" time="39.460"/>
</testsuite>
